# JRE version: Java(TM) SE Runtime Environment (8.0_202-b08) (build 1.8.0_202-b08)
# Java VM: Java HotSpot(TM) 64-Bit Server VM (25.202-b08 mixed mode bsd-amd64 compressed oops)
Heap:
 PSYoungGen      total 205824K, used 73421K [0x000000076ab00000, 0x0000000784700000, 0x00000007c0000000)
  eden space 130048K, 5% used [0x000000076ab00000,0x000000076b1700b0,0x0000000772a00000)
  from space 75776K, 88% used [0x0000000772a00000,0x0000000776b43470,0x0000000777400000)
  to   space 88576K, 0% used [0x000000077f080000,0x000000077f080000,0x0000000784700000)
 ParOldGen       total 137728K, used 63583K [0x00000006c0000000, 0x00000006c8680000, 0x000000076ab00000)
  object space 137728K, 46% used [0x00000006c0000000,0x00000006c3e17f10,0x00000006c8680000)
 Metaspace       used 32730K, capacity 33494K, committed 33792K, reserved 1079296K
  class space    used 3891K, capacity 4082K, committed 4096K, reserved 1048576K
GC Heap History (10 events):
Event: 6.377 GC heap before
{Heap before GC invocations=4 (full 1):
 PSYoungGen      total 76288K, used 65536K [0x000000076ab00000, 0x0000000774000000, 0x00000007c0000000)
  eden space 65536K, 100% used [0x000000076ab00000,0x000000076eb00000,0x000000076eb00000)
  from space 10752K, 0% used [0x000000076f580000,0x000000076f580000,0x0000000770000000)
  to   space 10752K, 0% used [0x000000076eb00000,0x000000076eb00000,0x000000076f580000)
 ParOldGen       total 137728K, used 16898K [0x00000006c0000000, 0x00000006c8680000, 0x000000076ab00000)
  object space 137728K, 12% used [0x00000006c0000000,0x00000006c1080938,0x00000006c8680000)
 Metaspace       used 22546K, capacity 23246K, committed 23552K, reserved 1069056K
  class space    used 3077K, capacity 3263K, committed 3328K, reserved 1048576K
Event: 6.380 GC heap after
Heap after GC invocations=4 (full 1):
 PSYoungGen      total 76288K, used 5519K [0x000000076ab00000, 0x0000000772180000, 0x00000007c0000000)
  eden space 65536K, 0% used [0x000000076ab00000,0x000000076ab00000,0x000000076eb00000)
  from space 10752K, 51% used [0x000000076eb00000,0x000000076f063d50,0x000000076f580000)
  to   space 10752K, 0% used [0x0000000771700000,0x0000000771700000,0x0000000772180000)
 ParOldGen       total 137728K, used 16906K [0x00000006c0000000, 0x00000006c8680000, 0x000000076ab00000)
  object space 137728K, 12% used [0x00000006c0000000,0x00000006c1082938,0x00000006c8680000)
 Metaspace       used 22546K, capacity 23246K, committed 23552K, reserved 1069056K
  class space    used 3077K, capacity 3263K, committed 3328K, reserved 1048576K
}
Event: 8.343 GC heap before
{Heap before GC invocations=5 (full 1):
 PSYoungGen      total 76288K, used 71055K [0x000000076ab00000, 0x0000000772180000, 0x00000007c0000000)
  eden space 65536K, 100% used [0x000000076ab00000,0x000000076eb00000,0x000000076eb00000)
  from space 10752K, 51% used [0x000000076eb00000,0x000000076f063d50,0x000000076f580000)
  to   space 10752K, 0% used [0x0000000771700000,0x0000000771700000,0x0000000772180000)
 ParOldGen       total 137728K, used 16906K [0x00000006c0000000, 0x00000006c8680000, 0x000000076ab00000)
  object space 137728K, 12% used [0x00000006c0000000,0x00000006c1082938,0x00000006c8680000)
 Metaspace       used 25421K, capacity 26062K, committed 26368K, reserved 1073152K
  class space    used 3342K, capacity 3519K, committed 3584K, reserved 1048576K
Event: 8.347 GC heap after
Heap after GC invocations=5 (full 1):
 PSYoungGen      total 104960K, used 8689K [0x000000076ab00000, 0x0000000771f80000, 0x00000007c0000000)
  eden space 96256K, 0% used [0x000000076ab00000,0x000000076ab00000,0x0000000770900000)
  from space 8704K, 99% used [0x0000000771700000,0x0000000771f7c610,0x0000000771f80000)
  to   space 10752K, 0% used [0x0000000770a80000,0x0000000770a80000,0x0000000771500000)
 ParOldGen       total 137728K, used 16914K [0x00000006c0000000, 0x00000006c8680000, 0x000000076ab00000)
  object space 137728K, 12% used [0x00000006c0000000,0x00000006c1084938,0x00000006c8680000)
 Metaspace       used 25421K, capacity 26062K, committed 26368K, reserved 1073152K
  class space    used 3342K, capacity 3519K, committed 3584K, reserved 1048576K
}
Event: 9.922 GC heap before
{Heap before GC invocations=6 (full 1):
 PSYoungGen      total 104960K, used 104945K [0x000000076ab00000, 0x0000000771f80000, 0x00000007c0000000)
  eden space 96256K, 100% used [0x000000076ab00000,0x0000000770900000,0x0000000770900000)
  from space 8704K, 99% used [0x0000000771700000,0x0000000771f7c610,0x0000000771f80000)
  to   space 10752K, 0% used [0x0000000770a80000,0x0000000770a80000,0x0000000771500000)
 ParOldGen       total 137728K, used 16914K [0x00000006c0000000, 0x00000006c8680000, 0x000000076ab00000)
  object space 137728K, 12% used [0x00000006c0000000,0x00000006c1084938,0x00000006c8680000)
 Metaspace       used 31214K, capacity 31866K, committed 32128K, reserved 1077248K
  class space    used 3729K, capacity 3870K, committed 3968K, reserved 1048576K
Event: 9.943 GC heap after
Heap after GC invocations=6 (full 1):
 PSYoungGen      total 108544K, used 10720K [0x000000076ab00000, 0x000000077ae80000, 0x00000007c0000000)
  eden space 97792K, 0% used [0x000000076ab00000,0x000000076ab00000,0x0000000770a80000)
  from space 10752K, 99% used [0x0000000770a80000,0x00000007714f8258,0x0000000771500000)
  to   space 59904K, 0% used [0x0000000777400000,0x0000000777400000,0x000000077ae80000)
 ParOldGen       total 137728K, used 62309K [0x00000006c0000000, 0x00000006c8680000, 0x000000076ab00000)
  object space 137728K, 45% used [0x00000006c0000000,0x00000006c3cd95c0,0x00000006c8680000)
 Metaspace       used 31214K, capacity 31866K, committed 32128K, reserved 1077248K
  class space    used 3729K, capacity 3870K, committed 3968K, reserved 1048576K
}
Event: 10.044 GC heap before
{Heap before GC invocations=7 (full 1):
 PSYoungGen      total 108544K, used 108512K [0x000000076ab00000, 0x000000077ae80000, 0x00000007c0000000)
  eden space 97792K, 100% used [0x000000076ab00000,0x0000000770a80000,0x0000000770a80000)
  from space 10752K, 99% used [0x0000000770a80000,0x00000007714f8258,0x0000000771500000)
  to   space 59904K, 0% used [0x0000000777400000,0x0000000777400000,0x000000077ae80000)
 ParOldGen       total 137728K, used 62309K [0x00000006c0000000, 0x00000006c8680000, 0x000000076ab00000)
  object space 137728K, 45% used [0x00000006c0000000,0x00000006c3cd95c0,0x00000006c8680000)
 Metaspace       used 31970K, capacity 32652K, committed 33024K, reserved 1079296K
  class space    used 3821K, capacity 3977K, committed 4096K, reserved 1048576K
Event: 10.065 GC heap after
Heap after GC invocations=7 (full 1):
 PSYoungGen      total 189952K, used 59886K [0x000000076ab00000, 0x000000077f080000, 0x00000007c0000000)
  eden space 130048K, 0% used [0x000000076ab00000,0x000000076ab00000,0x0000000772a00000)
  from space 59904K, 99% used [0x0000000777400000,0x000000077ae7b8a0,0x000000077ae80000)
  to   space 75776K, 0% used [0x0000000772a00000,0x0000000772a00000,0x0000000777400000)
 ParOldGen       total 137728K, used 63575K [0x00000006c0000000, 0x00000006c8680000, 0x000000076ab00000)
  object space 137728K, 46% used [0x00000006c0000000,0x00000006c3e15f10,0x00000006c8680000)
 Metaspace       used 31970K, capacity 32652K, committed 33024K, reserved 1079296K
  class space    used 3821K, capacity 3977K, committed 4096K, reserved 1048576K
}
Event: 10.346 GC heap before
{Heap before GC invocations=8 (full 1):
 PSYoungGen      total 189952K, used 189934K [0x000000076ab00000, 0x000000077f080000, 0x00000007c0000000)
  eden space 130048K, 100% used [0x000000076ab00000,0x0000000772a00000,0x0000000772a00000)
  from space 59904K, 99% used [0x0000000777400000,0x000000077ae7b8a0,0x000000077ae80000)
  to   space 75776K, 0% used [0x0000000772a00000,0x0000000772a00000,0x0000000777400000)
 ParOldGen       total 137728K, used 63575K [0x00000006c0000000, 0x00000006c8680000, 0x000000076ab00000)
  object space 137728K, 46% used [0x00000006c0000000,0x00000006c3e15f10,0x00000006c8680000)
 Metaspace       used 32538K, capacity 33326K, committed 33536K, reserved 1079296K
  class space    used 3874K, capacity 4074K, committed 4096K, reserved 1048576K
Event: 10.373 GC heap after
Heap after GC invocations=8 (full 1):
 PSYoungGen      total 205824K, used 66829K [0x000000076ab00000, 0x0000000784700000, 0x00000007c0000000)
  eden space 130048K, 0% used [0x000000076ab00000,0x000000076ab00000,0x0000000772a00000)
  from space 75776K, 88% used [0x0000000772a00000,0x0000000776b43470,0x0000000777400000)
  to   space 88576K, 0% used [0x000000077f080000,0x000000077f080000,0x0000000784700000)
 ParOldGen       total 137728K, used 63583K [0x00000006c0000000, 0x00000006c8680000, 0x000000076ab00000)
  object space 137728K, 46% used [0x00000006c0000000,0x00000006c3e17f10,0x00000006c8680000)
 Metaspace       used 32538K, capacity 33326K, committed 33536K, reserved 1079296K
  class space    used 3874K, capacity 4074K, committed 4096K, reserved 1048576K
}

