# JRE version: Java(TM) SE Runtime Environment (8.0_221-b11) (build 1.8.0_221-b11)
# Java VM: Java HotSpot(TM) 64-Bit Server VM (25.221-b11 mixed mode windows-amd64 compressed oops)
Heap:
 PSYoungGen      total 512512K, used 145598K [0x00000000d5f80000, 0x00000000fb880000, 0x0000000100000000)
  eden space 406528K, 35% used [0x00000000d5f80000,0x00000000ded8fba0,0x00000000eec80000)
  from space 105984K, 0% used [0x00000000eec80000,0x00000000eeca0000,0x00000000f5400000)
  to   space 99840K, 0% used [0x00000000f5700000,0x00000000f5700000,0x00000000fb880000)
 ParOldGen       total 1347072K, used 958358K [0x0000000081e00000, 0x00000000d4180000, 0x00000000d5f80000)
  object space 1347072K, 71% used [0x0000000081e00000,0x00000000bc5e5b40,0x00000000d4180000)
 Metaspace       used 32548K, capacity 33270K, committed 35072K, reserved 1081344K
  class space    used 3446K, capacity 3620K, committed 4096K, reserved 1048576K
GC Heap History (10 events):
Event: 468.436 GC heap before
{Heap before GC invocations=518 (full 15):
 PSYoungGen      total 507904K, used 384096K [0x00000000d5f80000, 0x00000000fdc80000, 0x0000000100000000)
  eden space 384000K, 100% used [0x00000000d5f80000,0x00000000ed680000,0x00000000ed680000)
  from space 123904K, 0% used [0x00000000f6380000,0x00000000f6398000,0x00000000fdc80000)
  to   space 134144K, 0% used [0x00000000ed680000,0x00000000ed680000,0x00000000f5980000)
 ParOldGen       total 1347072K, used 958358K [0x0000000081e00000, 0x00000000d4180000, 0x00000000d5f80000)
  object space 1347072K, 71% used [0x0000000081e00000,0x00000000bc5e5b40,0x00000000d4180000)
 Metaspace       used 32545K, capacity 33270K, committed 35072K, reserved 1081344K
  class space    used 3446K, capacity 3620K, committed 4096K, reserved 1048576K
Event: 468.440 GC heap after
Heap after GC invocations=518 (full 15):
 PSYoungGen      total 518144K, used 96K [0x00000000d5f80000, 0x00000000fdd00000, 0x0000000100000000)
  eden space 384000K, 0% used [0x00000000d5f80000,0x00000000d5f80000,0x00000000ed680000)
  from space 134144K, 0% used [0x00000000ed680000,0x00000000ed698000,0x00000000f5980000)
  to   space 126976K, 0% used [0x00000000f6100000,0x00000000f6100000,0x00000000fdd00000)
 ParOldGen       total 1347072K, used 958358K [0x0000000081e00000, 0x00000000d4180000, 0x00000000d5f80000)
  object space 1347072K, 71% used [0x0000000081e00000,0x00000000bc5e5b40,0x00000000d4180000)
 Metaspace       used 32545K, capacity 33270K, committed 35072K, reserved 1081344K
  class space    used 3446K, capacity 3620K, committed 4096K, reserved 1048576K
}
Event: 468.847 GC heap before
{Heap before GC invocations=519 (full 15):
 PSYoungGen      total 518144K, used 384096K [0x00000000d5f80000, 0x00000000fdd00000, 0x0000000100000000)
  eden space 384000K, 100% used [0x00000000d5f80000,0x00000000ed680000,0x00000000ed680000)
  from space 134144K, 0% used [0x00000000ed680000,0x00000000ed698000,0x00000000f5980000)
  to   space 126976K, 0% used [0x00000000f6100000,0x00000000f6100000,0x00000000fdd00000)
 ParOldGen       total 1347072K, used 958358K [0x0000000081e00000, 0x00000000d4180000, 0x00000000d5f80000)
  object space 1347072K, 71% used [0x0000000081e00000,0x00000000bc5e5b40,0x00000000d4180000)
 Metaspace       used 32545K, capacity 33270K, committed 35072K, reserved 1081344K
  class space    used 3446K, capacity 3620K, committed 4096K, reserved 1048576K
Event: 468.851 GC heap after
Heap after GC invocations=519 (full 15):
 PSYoungGen      total 507392K, used 64K [0x00000000d5f80000, 0x00000000fcd00000, 0x0000000100000000)
  eden space 396800K, 0% used [0x00000000d5f80000,0x00000000d5f80000,0x00000000ee300000)
  from space 110592K, 0% used [0x00000000f6100000,0x00000000f6110000,0x00000000fcd00000)
  to   space 119808K, 0% used [0x00000000ee300000,0x00000000ee300000,0x00000000f5800000)
 ParOldGen       total 1347072K, used 958358K [0x0000000081e00000, 0x00000000d4180000, 0x00000000d5f80000)
  object space 1347072K, 71% used [0x0000000081e00000,0x00000000bc5e5b40,0x00000000d4180000)
 Metaspace       used 32545K, capacity 33270K, committed 35072K, reserved 1081344K
  class space    used 3446K, capacity 3620K, committed 4096K, reserved 1048576K
}
Event: 469.312 GC heap before
{Heap before GC invocations=520 (full 15):
 PSYoungGen      total 507392K, used 396864K [0x00000000d5f80000, 0x00000000fcd00000, 0x0000000100000000)
  eden space 396800K, 100% used [0x00000000d5f80000,0x00000000ee300000,0x00000000ee300000)
  from space 110592K, 0% used [0x00000000f6100000,0x00000000f6110000,0x00000000fcd00000)
  to   space 119808K, 0% used [0x00000000ee300000,0x00000000ee300000,0x00000000f5800000)
 ParOldGen       total 1347072K, used 958358K [0x0000000081e00000, 0x00000000d4180000, 0x00000000d5f80000)
  object space 1347072K, 71% used [0x0000000081e00000,0x00000000bc5e5b40,0x00000000d4180000)
 Metaspace       used 32545K, capacity 33270K, committed 35072K, reserved 1081344K
  class space    used 3446K, capacity 3620K, committed 4096K, reserved 1048576K
Event: 469.315 GC heap after
Heap after GC invocations=520 (full 15):
 PSYoungGen      total 516608K, used 160K [0x00000000d5f80000, 0x00000000fcb00000, 0x0000000100000000)
  eden space 396800K, 0% used [0x00000000d5f80000,0x00000000d5f80000,0x00000000ee300000)
  from space 119808K, 0% used [0x00000000ee300000,0x00000000ee328000,0x00000000f5800000)
  to   space 113152K, 0% used [0x00000000f5c80000,0x00000000f5c80000,0x00000000fcb00000)
 ParOldGen       total 1347072K, used 958358K [0x0000000081e00000, 0x00000000d4180000, 0x00000000d5f80000)
  object space 1347072K, 71% used [0x0000000081e00000,0x00000000bc5e5b40,0x00000000d4180000)
 Metaspace       used 32545K, capacity 33270K, committed 35072K, reserved 1081344K
  class space    used 3446K, capacity 3620K, committed 4096K, reserved 1048576K
}
Event: 469.765 GC heap before
{Heap before GC invocations=521 (full 15):
 PSYoungGen      total 516608K, used 396960K [0x00000000d5f80000, 0x00000000fcb00000, 0x0000000100000000)
  eden space 396800K, 100% used [0x00000000d5f80000,0x00000000ee300000,0x00000000ee300000)
  from space 119808K, 0% used [0x00000000ee300000,0x00000000ee328000,0x00000000f5800000)
  to   space 113152K, 0% used [0x00000000f5c80000,0x00000000f5c80000,0x00000000fcb00000)
 ParOldGen       total 1347072K, used 958358K [0x0000000081e00000, 0x00000000d4180000, 0x00000000d5f80000)
  object space 1347072K, 71% used [0x0000000081e00000,0x00000000bc5e5b40,0x00000000d4180000)
 Metaspace       used 32545K, capacity 33270K, committed 35072K, reserved 1081344K
  class space    used 3446K, capacity 3620K, committed 4096K, reserved 1048576K
Event: 469.769 GC heap after
Heap after GC invocations=521 (full 15):
 PSYoungGen      total 503808K, used 160K [0x00000000d5f80000, 0x00000000fbb80000, 0x0000000100000000)
  eden space 406528K, 0% used [0x00000000d5f80000,0x00000000d5f80000,0x00000000eec80000)
  from space 97280K, 0% used [0x00000000f5c80000,0x00000000f5ca8000,0x00000000fbb80000)
  to   space 105984K, 0% used [0x00000000eec80000,0x00000000eec80000,0x00000000f5400000)
 ParOldGen       total 1347072K, used 958358K [0x0000000081e00000, 0x00000000d4180000, 0x00000000d5f80000)
  object space 1347072K, 71% used [0x0000000081e00000,0x00000000bc5e5b40,0x00000000d4180000)
 Metaspace       used 32545K, capacity 33270K, committed 35072K, reserved 1081344K
  class space    used 3446K, capacity 3620K, committed 4096K, reserved 1048576K
}
Event: 470.226 GC heap before
{Heap before GC invocations=522 (full 15):
 PSYoungGen      total 503808K, used 406688K [0x00000000d5f80000, 0x00000000fbb80000, 0x0000000100000000)
  eden space 406528K, 100% used [0x00000000d5f80000,0x00000000eec80000,0x00000000eec80000)
  from space 97280K, 0% used [0x00000000f5c80000,0x00000000f5ca8000,0x00000000fbb80000)
  to   space 105984K, 0% used [0x00000000eec80000,0x00000000eec80000,0x00000000f5400000)
 ParOldGen       total 1347072K, used 958358K [0x0000000081e00000, 0x00000000d4180000, 0x00000000d5f80000)
  object space 1347072K, 71% used [0x0000000081e00000,0x00000000bc5e5b40,0x00000000d4180000)
 Metaspace       used 32545K, capacity 33270K, committed 35072K, reserved 1081344K
  class space    used 3446K, capacity 3620K, committed 4096K, reserved 1048576K
Event: 470.229 GC heap after
Heap after GC invocations=522 (full 15):
 PSYoungGen      total 512512K, used 128K [0x00000000d5f80000, 0x00000000fb880000, 0x0000000100000000)
  eden space 406528K, 0% used [0x00000000d5f80000,0x00000000d5f80000,0x00000000eec80000)
  from space 105984K, 0% used [0x00000000eec80000,0x00000000eeca0000,0x00000000f5400000)
  to   space 99840K, 0% used [0x00000000f5700000,0x00000000f5700000,0x00000000fb880000)
 ParOldGen       total 1347072K, used 958358K [0x0000000081e00000, 0x00000000d4180000, 0x00000000d5f80000)
  object space 1347072K, 71% used [0x0000000081e00000,0x00000000bc5e5b40,0x00000000d4180000)
 Metaspace       used 32545K, capacity 33270K, committed 35072K, reserved 1081344K
  class space    used 3446K, capacity 3620K, committed 4096K, reserved 1048576K
}

